<?xml version="1.0" encoding="UTF-8"?>
<!-- Generated by org.testng.reporters.JUnitXMLReporter -->
<<<<<<< HEAD
<testsuite hostname="DESKTOP-TS0EIML" failures="1" tests="2" name="ErrorTest" time="16.111" errors="0" timestamp="10 Nov 2025 10:58:40 GMT">
  <testcase classname="Frameworklearning.Testcomponents.ErrorValidation" name="LoginErrorTest" time="0.794">
=======
<testsuite hostname="DESKTOP-TS0EIML" failures="1" tests="2" name="ErrorTest" time="12.686" errors="0" timestamp="11 Nov 2025 09:47:33 GMT">
  <testcase classname="Frameworklearning.Testcomponents.ErrorValidation" name="LoginErrorTest" time="1.006">
>>>>>>> ea197c6 (Updated pom.xml and fixed dependency issues)
    <failure type="java.lang.AssertionError" message="expected [Incorrect email or password.] but found [Incorrect email  password]">
      <![CDATA[java.lang.AssertionError: expected [Incorrect email or password.] but found [Incorrect email  password]
	at Frameworklearning.Testcomponents.ErrorValidation.LoginErrorTest(ErrorValidation.java:21)
... Removed 27 stack frames]]>
    </failure>
  </testcase> <!-- LoginErrorTest -->
<<<<<<< HEAD
  <testcase classname="Frameworklearning.Testcomponents.ErrorValidation" name="ProductErrorValidation" time="4.256"/>
=======
  <testcase classname="Frameworklearning.Testcomponents.ErrorValidation" name="ProductErrorValidation" time="3.744"/>
>>>>>>> ea197c6 (Updated pom.xml and fixed dependency issues)
</testsuite> <!-- ErrorTest -->
