<?xml version="1.0" encoding="UTF-8"?>
<!-- Generated by org.testng.reporters.JUnitXMLReporter -->
<testsuite hostname="DESKTOP-TS0EIML" failures="1" tests="2" name="ErrorTest" time="16.111" errors="0" timestamp="10 Nov 2025 10:58:40 GMT">
  <testcase classname="Frameworklearning.Testcomponents.ErrorValidation" name="LoginErrorTest" time="0.794">
    <failure type="java.lang.AssertionError" message="expected [Incorrect email or password.] but found [Incorrect email  password]">
      <![CDATA[java.lang.AssertionError: expected [Incorrect email or password.] but found [Incorrect email  password]
	at Frameworklearning.Testcomponents.ErrorValidation.LoginErrorTest(ErrorValidation.java:21)
... Removed 27 stack frames]]>
    </failure>
  </testcase> <!-- LoginErrorTest -->
  <testcase classname="Frameworklearning.Testcomponents.ErrorValidation" name="ProductErrorValidation" time="4.256"/>
</testsuite> <!-- ErrorTest -->
