<?xml version="1.0" encoding="UTF-8"?>
<!-- Generated by org.testng.reporters.JUnitXMLReporter -->
<testsuite ignored="0" hostname="DESKTOP-TS0EIML" failures="1" tests="2" name="ErrorTest" time="20.652" errors="0" timestamp="2025-11-11T18:00:02 IST">
  <testcase classname="Frameworklearning.Testcomponents.ErrorValidation" name="LoginErrorTest" time="0.607">
    <failure type="java.lang.AssertionError" message="expected [Incorrect email or password.] but found [Incorrect email  password]">
      <![CDATA[java.lang.AssertionError: expected [Incorrect email or password.] but found [Incorrect email  password]
at Frameworklearning.Testcomponents.ErrorValidation.LoginErrorTest(ErrorValidation.java:21)
at java.base/java.util.ArrayList.forEach(ArrayList.java:1596)
... Removed 35 stack frames]]>
    </failure>
  </testcase> <!-- LoginErrorTest -->
  <testcase classname="Frameworklearning.Testcomponents.ErrorValidation" name="ProductErrorValidation" time="4.433"/>
</testsuite> <!-- ErrorTest -->
