<?xml version="1.0" encoding="UTF-8"?>
<testng-results ignored="0" total="2" passed="1" failed="1" skipped="0">
  <reporter-output>
    <line>
      <![CDATA[inside fail]]>
    </line>
  </reporter-output>
  <suite started-at="2025-11-11T17:59:41 IST" name="Suite" finished-at="2025-11-11T18:00:01 IST" duration-ms="20652">
    <groups>
    </groups>
    <test started-at="2025-11-11T17:59:41 IST" name="ErrorTest" finished-at="2025-11-11T18:00:01 IST" duration-ms="20652">
      <class name="Frameworklearning.Testcomponents.ErrorValidation">
        <test-method is-config="true" signature="landingurl()[pri:0, instance:Frameworklearning.Testcomponents.ErrorValidation@4f32a3ad]" started-at="2025-11-11T17:59:41 IST" name="landingurl" finished-at="2025-11-11T17:59:51 IST" duration-ms="10014" status="PASS">
          <reporter-output>
          </reporter-output>
        </test-method> <!-- landingurl -->
        <test-method signature="LoginErrorTest()[pri:0, instance:Frameworklearning.Testcomponents.ErrorValidation@4f32a3ad]" started-at="2025-11-11T17:59:51 IST" name="LoginErrorTest" finished-at="2025-11-11T17:59:51 IST" duration-ms="607" status="FAIL">
          <exception class="java.lang.AssertionError">
            <message>
              <![CDATA[expected [Incorrect email or password.] but found [Incorrect email  password]]]>
            </message>
            <full-stacktrace>
              <![CDATA[java.lang.AssertionError: expected [Incorrect email or password.] but found [Incorrect email  password]
at org.testng.Assert.fail(Assert.java:111)
at org.testng.Assert.failNotEquals(Assert.java:1590)
at org.testng.Assert.assertEqualsImpl(Assert.java:150)
at org.testng.Assert.assertEquals(Assert.java:132)
at org.testng.Assert.assertEquals(Assert.java:656)
at org.testng.Assert.assertEquals(Assert.java:666)
at Frameworklearning.Testcomponents.ErrorValidation.LoginErrorTest(ErrorValidation.java:21)
at java.base/jdk.internal.reflect.DirectMethodHandleAccessor.invoke(DirectMethodHandleAccessor.java:103)
at java.base/java.lang.reflect.Method.invoke(Method.java:580)
at org.testng.internal.invokers.MethodInvocationHelper.invokeMethod(MethodInvocationHelper.java:141)
at org.testng.internal.invokers.TestInvoker.invokeMethod(TestInvoker.java:687)
at org.testng.internal.invokers.TestInvoker.invokeTestMethod(TestInvoker.java:230)
at org.testng.internal.invokers.MethodRunner.runInSequence(MethodRunner.java:63)
at org.testng.internal.invokers.TestInvoker$MethodInvocationAgent.invoke(TestInvoker.java:995)
at org.testng.internal.invokers.TestInvoker.invokeTestMethods(TestInvoker.java:203)
at org.testng.internal.invokers.TestMethodWorker.invokeTestMethods(TestMethodWorker.java:154)
at org.testng.internal.invokers.TestMethodWorker.run(TestMethodWorker.java:134)
at java.base/java.util.ArrayList.forEach(ArrayList.java:1596)
at org.testng.TestRunner.privateRun(TestRunner.java:741)
at org.testng.TestRunner.run(TestRunner.java:616)
at org.testng.SuiteRunner.runTest(SuiteRunner.java:421)
at org.testng.SuiteRunner.runSequentially(SuiteRunner.java:413)
at org.testng.SuiteRunner.privateRun(SuiteRunner.java:373)
at org.testng.SuiteRunner.run(SuiteRunner.java:312)
at org.testng.SuiteRunnerWorker.runSuite(SuiteRunnerWorker.java:52)
at org.testng.SuiteRunnerWorker.run(SuiteRunnerWorker.java:95)
at org.testng.TestNG.runSuitesSequentially(TestNG.java:1274)
at org.testng.TestNG.runSuitesLocally(TestNG.java:1208)
at org.testng.TestNG.runSuites(TestNG.java:1112)
at org.testng.TestNG.run(TestNG.java:1079)
at org.apache.maven.surefire.testng.TestNGExecutor.run(TestNGExecutor.java:308)
at org.apache.maven.surefire.testng.TestNGXmlTestSuite.execute(TestNGXmlTestSuite.java:71)
at org.apache.maven.surefire.testng.TestNGProvider.invoke(TestNGProvider.java:113)
at org.apache.maven.surefire.booter.ForkedBooter.runSuitesInProcess(ForkedBooter.java:385)
at org.apache.maven.surefire.booter.ForkedBooter.execute(ForkedBooter.java:162)
at org.apache.maven.surefire.booter.ForkedBooter.run(ForkedBooter.java:507)
at org.apache.maven.surefire.booter.ForkedBooter.main(ForkedBooter.java:495)
]]>
            </full-stacktrace>
          </exception> <!-- java.lang.AssertionError -->
          <reporter-output>
            <line>
              <![CDATA[inside fail]]>
            </line>
          </reporter-output>
        </test-method> <!-- LoginErrorTest -->
        <test-method is-config="true" signature="teardown()[pri:0, instance:Frameworklearning.Testcomponents.ErrorValidation@4f32a3ad]" started-at="2025-11-11T17:59:52 IST" name="teardown" finished-at="2025-11-11T17:59:52 IST" duration-ms="139" status="PASS">
          <reporter-output>
          </reporter-output>
        </test-method> <!-- teardown -->
        <test-method is-config="true" signature="landingurl()[pri:0, instance:Frameworklearning.Testcomponents.ErrorValidation@4f32a3ad]" started-at="2025-11-11T17:59:52 IST" name="landingurl" finished-at="2025-11-11T17:59:57 IST" duration-ms="4761" status="PASS">
          <reporter-output>
          </reporter-output>
        </test-method> <!-- landingurl -->
        <test-method signature="ProductErrorValidation()[pri:0, instance:Frameworklearning.Testcomponents.ErrorValidation@4f32a3ad]" started-at="2025-11-11T17:59:57 IST" name="ProductErrorValidation" finished-at="2025-11-11T18:00:01 IST" duration-ms="4433" status="PASS">
          <reporter-output>
          </reporter-output>
        </test-method> <!-- ProductErrorValidation -->
        <test-method is-config="true" signature="teardown()[pri:0, instance:Frameworklearning.Testcomponents.ErrorValidation@4f32a3ad]" started-at="2025-11-11T18:00:01 IST" name="teardown" finished-at="2025-11-11T18:00:01 IST" duration-ms="216" status="PASS">
          <reporter-output>
          </reporter-output>
        </test-method> <!-- teardown -->
      </class> <!-- Frameworklearning.Testcomponents.ErrorValidation -->
    </test> <!-- ErrorTest -->
  </suite> <!-- Suite -->
</testng-results>
