<?xml version="1.0" encoding="UTF-8"?>
<testng-results total="2" passed="1" failed="1" skipped="0">
  <reporter-output>
    <line>
      <![CDATA[inside fail<br>]]>
    </line>
  </reporter-output>
<<<<<<< HEAD
  <suite started-at="2025-11-10T10:58:24Z" name="Suite" finished-at="2025-11-10T10:58:40Z" duration-ms="16111">
    <groups>
    </groups>
    <test started-at="2025-11-10T10:58:24Z" name="ErrorTest" finished-at="2025-11-10T10:58:40Z" duration-ms="16111">
      <class name="Frameworklearning.Testcomponents.ErrorValidation">
        <test-method is-config="true" signature="landingurl()[pri:0, instance:Frameworklearning.Testcomponents.ErrorValidation@16fdec90]" started-at="2025-11-10T16:28:24Z" name="landingurl" finished-at="2025-11-10T16:28:28Z" duration-ms="4257" status="PASS">
          <reporter-output>
          </reporter-output>
        </test-method> <!-- landingurl -->
        <test-method signature="LoginErrorTest()[pri:0, instance:Frameworklearning.Testcomponents.ErrorValidation@16fdec90]" started-at="2025-11-10T16:28:28Z" name="LoginErrorTest" finished-at="2025-11-10T16:28:29Z" duration-ms="794" status="FAIL">
=======
  <suite started-at="2025-11-11T09:47:20Z" name="Suite" finished-at="2025-11-11T09:47:33Z" duration-ms="12686">
    <groups>
    </groups>
    <test started-at="2025-11-11T09:47:20Z" name="ErrorTest" finished-at="2025-11-11T09:47:33Z" duration-ms="12686">
      <class name="Frameworklearning.Testcomponents.ErrorValidation">
        <test-method is-config="true" signature="landingurl()[pri:0, instance:Frameworklearning.Testcomponents.ErrorValidation@16fdec90]" started-at="2025-11-11T15:17:20Z" name="landingurl" finished-at="2025-11-11T15:17:25Z" duration-ms="4779" status="PASS">
          <reporter-output>
          </reporter-output>
        </test-method> <!-- landingurl -->
        <test-method signature="LoginErrorTest()[pri:0, instance:Frameworklearning.Testcomponents.ErrorValidation@16fdec90]" started-at="2025-11-11T15:17:25Z" name="LoginErrorTest" finished-at="2025-11-11T15:17:26Z" duration-ms="1006" status="FAIL">
>>>>>>> ea197c6 (Updated pom.xml and fixed dependency issues)
          <exception class="java.lang.AssertionError">
            <message>
              <![CDATA[expected [Incorrect email or password.] but found [Incorrect email  password]]]>
            </message>
            <full-stacktrace>
              <![CDATA[java.lang.AssertionError: expected [Incorrect email or password.] but found [Incorrect email  password]
	at org.testng.Assert.fail(Assert.java:89)
	at org.testng.Assert.failNotEquals(Assert.java:489)
	at org.testng.Assert.assertEquals(Assert.java:118)
	at org.testng.Assert.assertEquals(Assert.java:171)
	at org.testng.Assert.assertEquals(Assert.java:181)
	at Frameworklearning.Testcomponents.ErrorValidation.LoginErrorTest(ErrorValidation.java:21)
	at java.base/jdk.internal.reflect.DirectMethodHandleAccessor.invoke(DirectMethodHandleAccessor.java:103)
	at java.base/java.lang.reflect.Method.invoke(Method.java:580)
	at org.testng.internal.MethodInvocationHelper.invokeMethod(MethodInvocationHelper.java:80)
	at org.testng.internal.Invoker.invokeMethod(Invoker.java:715)
	at org.testng.internal.Invoker.invokeTestMethod(Invoker.java:907)
	at org.testng.internal.Invoker.invokeTestMethods(Invoker.java:1237)
	at org.testng.internal.TestMethodWorker.invokeTestMethods(TestMethodWorker.java:127)
	at org.testng.internal.TestMethodWorker.run(TestMethodWorker.java:111)
	at org.testng.TestRunner.privateRun(TestRunner.java:767)
	at org.testng.TestRunner.run(TestRunner.java:617)
	at org.testng.SuiteRunner.runTest(SuiteRunner.java:334)
	at org.testng.SuiteRunner.runSequentially(SuiteRunner.java:329)
	at org.testng.SuiteRunner.privateRun(SuiteRunner.java:291)
	at org.testng.SuiteRunner.run(SuiteRunner.java:240)
	at org.testng.SuiteRunnerWorker.runSuite(SuiteRunnerWorker.java:51)
	at org.testng.SuiteRunnerWorker.run(SuiteRunnerWorker.java:85)
	at org.testng.TestNG.runSuitesSequentially(TestNG.java:1197)
	at org.testng.TestNG.runSuitesLocally(TestNG.java:1122)
	at org.testng.TestNG.run(TestNG.java:1030)
	at org.testng.remote.AbstractRemoteTestNG.run(AbstractRemoteTestNG.java:115)
	at org.testng.remote.RemoteTestNG.initAndRun(RemoteTestNG.java:293)
	at org.testng.remote.RemoteTestNG.main(RemoteTestNG.java:91)
]]>
            </full-stacktrace>
          </exception> <!-- java.lang.AssertionError -->
          <reporter-output>
          </reporter-output>
        </test-method> <!-- LoginErrorTest -->
<<<<<<< HEAD
        <test-method is-config="true" signature="teardown()[pri:0, instance:Frameworklearning.Testcomponents.ErrorValidation@16fdec90]" started-at="2025-11-10T16:28:30Z" name="teardown" finished-at="2025-11-10T16:28:30Z" duration-ms="173" status="PASS">
          <reporter-output>
          </reporter-output>
        </test-method> <!-- teardown -->
        <test-method is-config="true" signature="landingurl()[pri:0, instance:Frameworklearning.Testcomponents.ErrorValidation@16fdec90]" started-at="2025-11-10T16:28:30Z" name="landingurl" finished-at="2025-11-10T16:28:36Z" duration-ms="6124" status="PASS">
          <reporter-output>
          </reporter-output>
        </test-method> <!-- landingurl -->
        <test-method signature="ProductErrorValidation()[pri:0, instance:Frameworklearning.Testcomponents.ErrorValidation@16fdec90]" started-at="2025-11-10T16:28:36Z" name="ProductErrorValidation" finished-at="2025-11-10T16:28:40Z" duration-ms="4256" status="PASS">
          <reporter-output>
          </reporter-output>
        </test-method> <!-- ProductErrorValidation -->
        <test-method is-config="true" signature="teardown()[pri:0, instance:Frameworklearning.Testcomponents.ErrorValidation@16fdec90]" started-at="2025-11-10T16:28:40Z" name="teardown" finished-at="2025-11-10T16:28:40Z" duration-ms="155" status="PASS">
=======
        <test-method is-config="true" signature="teardown()[pri:0, instance:Frameworklearning.Testcomponents.ErrorValidation@16fdec90]" started-at="2025-11-11T15:17:27Z" name="teardown" finished-at="2025-11-11T15:17:27Z" duration-ms="180" status="PASS">
          <reporter-output>
          </reporter-output>
        </test-method> <!-- teardown -->
        <test-method is-config="true" signature="landingurl()[pri:0, instance:Frameworklearning.Testcomponents.ErrorValidation@16fdec90]" started-at="2025-11-11T15:17:27Z" name="landingurl" finished-at="2025-11-11T15:17:29Z" duration-ms="2377" status="PASS">
          <reporter-output>
          </reporter-output>
        </test-method> <!-- landingurl -->
        <test-method signature="ProductErrorValidation()[pri:0, instance:Frameworklearning.Testcomponents.ErrorValidation@16fdec90]" started-at="2025-11-11T15:17:29Z" name="ProductErrorValidation" finished-at="2025-11-11T15:17:33Z" duration-ms="3744" status="PASS">
          <reporter-output>
          </reporter-output>
        </test-method> <!-- ProductErrorValidation -->
        <test-method is-config="true" signature="teardown()[pri:0, instance:Frameworklearning.Testcomponents.ErrorValidation@16fdec90]" started-at="2025-11-11T15:17:33Z" name="teardown" finished-at="2025-11-11T15:17:33Z" duration-ms="198" status="PASS">
>>>>>>> ea197c6 (Updated pom.xml and fixed dependency issues)
          <reporter-output>
          </reporter-output>
        </test-method> <!-- teardown -->
      </class> <!-- Frameworklearning.Testcomponents.ErrorValidation -->
    </test> <!-- ErrorTest -->
  </suite> <!-- Suite -->
</testng-results>
