<?xml version="1.0" encoding="UTF-8"?>
<!-- Generated by org.testng.reporters.JUnitReportReporter -->
<testsuite hostname="DESKTOP-TS0EIML" failures="0" tests="2" name="Frameworklearning.Test.Submitordertest" time="18.168" errors="0" timestamp="10 Nov 2025 09:33:01 GMT">
  <testcase classname="Frameworklearning.Test.Submitordertest" name="verifyorders" time="9.332"/>
  <testcase classname="Frameworklearning.Test.Submitordertest" name="submitorder" time="8.836"/>
</testsuite> <!-- Frameworklearning.Test.Submitordertest -->
