<?xml version="1.0" encoding="UTF-8"?>
<!-- Generated by org.testng.reporters.JUnitReportReporter -->
<<<<<<< HEAD
<testsuite hostname="DESKTOP-TS0EIML" failures="0" tests="2" name="Frameworklearning.Testcomponents.ErrorValidation" time="15.759" errors="1" timestamp="10 Nov 2025 10:58:41 GMT">
  <testcase classname="Frameworklearning.Testcomponents.ErrorValidation" name="ProductErrorValidation" time="10.535"/>
  <testcase classname="Frameworklearning.Testcomponents.ErrorValidation" name="LoginErrorTest" time="5.224">
=======
<testsuite hostname="DESKTOP-TS0EIML" failures="0" tests="2" name="Frameworklearning.Testcomponents.ErrorValidation" time="12.284" errors="1" timestamp="11 Nov 2025 09:47:34 GMT">
  <testcase classname="Frameworklearning.Testcomponents.ErrorValidation" name="ProductErrorValidation" time="8.703"/>
  <testcase classname="Frameworklearning.Testcomponents.ErrorValidation" name="LoginErrorTest" time="3.581">
>>>>>>> ea197c6 (Updated pom.xml and fixed dependency issues)
    <error message="expected [Incorrect email or password.] but found [Incorrect email  password]" type="java.lang.AssertionError">
      <![CDATA[java.lang.AssertionError: expected [Incorrect email or password.] but found [Incorrect email  password]
	at org.testng.Assert.fail(Assert.java:89)
	at org.testng.Assert.failNotEquals(Assert.java:489)
	at org.testng.Assert.assertEquals(Assert.java:118)
	at org.testng.Assert.assertEquals(Assert.java:171)
	at org.testng.Assert.assertEquals(Assert.java:181)
	at Frameworklearning.Testcomponents.ErrorValidation.LoginErrorTest(ErrorValidation.java:21)
	at java.base/jdk.internal.reflect.DirectMethodHandleAccessor.invoke(DirectMethodHandleAccessor.java:103)
	at java.base/java.lang.reflect.Method.invoke(Method.java:580)
	at org.testng.internal.MethodInvocationHelper.invokeMethod(MethodInvocationHelper.java:80)
	at org.testng.internal.Invoker.invokeMethod(Invoker.java:715)
	at org.testng.internal.Invoker.invokeTestMethod(Invoker.java:907)
	at org.testng.internal.Invoker.invokeTestMethods(Invoker.java:1237)
	at org.testng.internal.TestMethodWorker.invokeTestMethods(TestMethodWorker.java:127)
	at org.testng.internal.TestMethodWorker.run(TestMethodWorker.java:111)
	at org.testng.TestRunner.privateRun(TestRunner.java:767)
	at org.testng.TestRunner.run(TestRunner.java:617)
	at org.testng.SuiteRunner.runTest(SuiteRunner.java:334)
	at org.testng.SuiteRunner.runSequentially(SuiteRunner.java:329)
	at org.testng.SuiteRunner.privateRun(SuiteRunner.java:291)
	at org.testng.SuiteRunner.run(SuiteRunner.java:240)
	at org.testng.SuiteRunnerWorker.runSuite(SuiteRunnerWorker.java:51)
	at org.testng.SuiteRunnerWorker.run(SuiteRunnerWorker.java:85)
	at org.testng.TestNG.runSuitesSequentially(TestNG.java:1197)
	at org.testng.TestNG.runSuitesLocally(TestNG.java:1122)
	at org.testng.TestNG.run(TestNG.java:1030)
	at org.testng.remote.AbstractRemoteTestNG.run(AbstractRemoteTestNG.java:115)
	at org.testng.remote.RemoteTestNG.initAndRun(RemoteTestNG.java:293)
	at org.testng.remote.RemoteTestNG.main(RemoteTestNG.java:91)
]]>
    </error>
  </testcase> <!-- LoginErrorTest -->
</testsuite> <!-- Frameworklearning.Testcomponents.ErrorValidation -->
