<?xml version="1.0" encoding="UTF-8"?>
<!-- Generated by org.testng.reporters.JUnitReportReporter -->
<testsuite hostname="DESKTOP-TS0EIML" failures="0" tests="4" name="ExcelandDataprovider.Datausingexcel" time="78.169" errors="0" timestamp="10 Oct 2025 12:06:52 GMT">
  <testcase classname="ExcelandDataprovider.Datausingexcel" name="login" time="11.151"/>
  <testcase classname="ExcelandDataprovider.Datausingexcel" name="login" time="9.177"/>
  <testcase classname="ExcelandDataprovider.Datausingexcel" name="login" time="47.249"/>
  <testcase classname="ExcelandDataprovider.Datausingexcel" name="login" time="10.592"/>
</testsuite> <!-- ExcelandDataprovider.Datausingexcel -->
